<?xml version="1.0" encoding="UTF-8"?>
<!-- Generated by org.testng.reporters.JUnitXMLReporter -->
<testsuite ignored="0" hostname="Tom" failures="2" tests="8" name="practise" time="0.069" errors="0" timestamp="2024-04-05T03:37:59 IST">
  <testcase classname="Interview_Questions.sampleTC_for_reRunfailedTC" name="test1" time="0.008">
    <skipped/>
  </testcase> <!-- test1 -->
  <testcase classname="Interview_Questions.sampleTC_for_reRunfailedTC" name="test1" time="0.001">
    <skipped/>
  </testcase> <!-- test1 -->
  <testcase classname="Interview_Questions.sampleTC_for_reRunfailedTC" name="test1" time="0.001">
    <skipped/>
  </testcase> <!-- test1 -->
  <testcase classname="Interview_Questions.sampleTC_for_reRunfailedTC" name="test1" time="0.001">
    <failure type="java.lang.AssertionError" message="This is true expected [World] but found [hello]">
      <![CDATA[java.lang.AssertionError: This is true expected [World] but found [hello]
at Interview_Questions.sampleTC_for_reRunfailedTC.test1(sampleTC_for_reRunfailedTC.java:15)
at java.base/java.util.ArrayList.forEach(ArrayList.java:1511)
... Removed 32 stack frames]]>
    </failure>
  </testcase> <!-- test1 -->
  <testcase classname="Interview_Questions.sampleTC_for_reRunfailedTC" name="test2" time="0.001">
    <skipped/>
  </testcase> <!-- test2 -->
  <testcase classname="Interview_Questions.sampleTC_for_reRunfailedTC" name="test2" time="0.001">
    <skipped/>
  </testcase> <!-- test2 -->
  <testcase classname="Interview_Questions.sampleTC_for_reRunfailedTC" name="test2" time="0.003">
    <skipped/>
  </testcase> <!-- test2 -->
  <testcase classname="Interview_Questions.sampleTC_for_reRunfailedTC" name="test2" time="0.001">
    <failure type="java.lang.AssertionError" message="This is true expected [World] but found [hello]">
      <![CDATA[java.lang.AssertionError: This is true expected [World] but found [hello]
at Interview_Questions.sampleTC_for_reRunfailedTC.test2(sampleTC_for_reRunfailedTC.java:27)
at java.base/java.util.ArrayList.forEach(ArrayList.java:1511)
... Removed 32 stack frames]]>
    </failure>
  </testcase> <!-- test2 -->
</testsuite> <!-- practise -->
