<?xml version="1.0" encoding="UTF-8"?>
<testng-results ignored="1" total="2" passed="1" failed="0" skipped="0">
  <reporter-output>
  </reporter-output>
  <suite started-at="2024-04-03T09:25:10 IST" name="Default suite" finished-at="2024-04-03T09:25:10 IST" duration-ms="41">
    <groups>
    </groups>
    <test started-at="2024-04-03T09:25:10 IST" name="Default test" finished-at="2024-04-03T09:25:10 IST" duration-ms="41">
      <class name="javaPrograms.swap2Number">
        <test-method signature="swapWithOutTemp()[pri:0, instance:javaPrograms.swap2Number@1e683a3e]" started-at="2024-04-03T09:25:10 IST" name="swapWithOutTemp" finished-at="2024-04-03T09:25:10 IST" duration-ms="8" status="PASS">
          <reporter-output>
          </reporter-output>
        </test-method> <!-- swapWithOutTemp -->
      </class> <!-- javaPrograms.swap2Number -->
    </test> <!-- Default test -->
  </suite> <!-- Default suite -->
</testng-results>
