<?xml version="1.0" encoding="UTF-8"?>
<!-- Generated by org.testng.reporters.JUnitXMLReporter -->
<testsuite ignored="3" hostname="Tom" failures="0" tests="3" name="Test" time="22.381" errors="0" timestamp="2024-04-17T18:26:16 IST">
  <testcase classname="TestCases.Login_TC" name="login_TC" time="2.078"/>
  <testcase classname="TestCases.ProductCatalogue_TC" name="productCatalogue_TC" time="16.087"/>
  <testcase classname="TestCases.orderConfirmation_TC" name="confirmation_tc" time="16.804"/>
  <testcase classname="TestCases.CheckoutPage_TC" name="checkOut_TC" time="0.0">
    <ignored/>
  </testcase> <!-- checkOut_TC -->
  <testcase classname="TestCases.CartPage_TC" name="cart_TC" time="0.0">
    <ignored/>
  </testcase> <!-- cart_TC -->
  <testcase classname="TestCases.E2E_Tc" name="e2e_test" time="0.0">
    <ignored/>
  </testcase> <!-- e2e_test -->
</testsuite> <!-- Test -->
