<?xml version="1.0" encoding="UTF-8"?>
<!-- Generated by org.testng.reporters.JUnitXMLReporter -->
<testsuite ignored="0" hostname="Tom" failures="0" tests="3" name="Default test" time="51.213" errors="0" timestamp="2024-04-18T14:05:28 IST">
  <testcase classname="TestCases.DataDriven_TC" name="confirmation_tc" time="17.841"/>
  <testcase classname="TestCases.DataDriven_TC" name="confirmation_tc" time="17.173"/>
  <testcase classname="TestCases.DataDriven_TC" name="orderDisplayed" time="3.596"/>
</testsuite> <!-- Default test -->
